<?xml version="1.0" encoding="utf-8" standalone="no"?>
<!--This file represents the results of running a test suite-->
<test-results name="C:\Dev\TestCake\TestCake\bin\Debug\TestCake.dll" total="2" errors="0" failures="0" not-run="0" inconclusive="0" ignored="0" skipped="0" invalid="0" date="2016-03-21" time="15:49:06">
  <environment nunit-version="2.6.4.14350" clr-version="4.0.30319.42000" os-version="Microsoft Windows NT 6.2.9200.0" platform="Win32NT" cwd="C:\Dev\TestCake\TestCake\bin\Debug" machine-name="SYNOUK" user="clement" user-domain="SYNOUK" />
  <culture-info current-culture="fr-FR" current-uiculture="fr-FR" />
  <test-suite type="Assembly" name="C:\Dev\TestCake\TestCake\bin\Debug\TestCake.dll" executed="True" result="Success" success="True" time="0.002" asserts="0">
    <results>
      <test-suite type="Namespace" name="cake" executed="True" result="Success" success="True" time="0.002" asserts="0">
        <results>
          <test-suite type="Namespace" name="Test" executed="True" result="Success" success="True" time="0.002" asserts="0">
            <results>
              <test-suite type="TestFixture" name="Test" executed="True" result="Success" success="True" time="0.002" asserts="0">
                <results>
                  <test-case name="cake.Test.Test.additionTest" executed="True" result="Success" success="True" time="0.000" asserts="1" />
                  <test-case name="cake.Test.Test.soustractionTest" executed="True" result="Success" success="True" time="0.000" asserts="1" />
                </results>
              </test-suite>
            </results>
          </test-suite>
        </results>
      </test-suite>
    </results>
  </test-suite>
</test-results>